<?xml version="1.0" encoding="UTF-8"?>
<coverage generated="1590372045940" clover="3.2.0">
  <project timestamp="1590372045940" name="All files">
    <metrics statements="107" coveredstatements="101" conditionals="51" coveredconditionals="35" methods="40" coveredmethods="31" elements="198" coveredelements="167" complexity="0" loc="107" ncloc="107" packages="1" files="2" classes="2"/>
    <file name="shallow-equal.js" path="/Users/scott/Documents/Projects/v-state/src/shallow-equal.js">
      <metrics statements="20" coveredstatements="16" conditionals="24" coveredconditionals="13" methods="4" coveredmethods="3"/>
      <line num="1" count="1" type="stmt"/>
      <line num="2" count="10" type="cond" truecount="2" falsecount="0"/>
      <line num="3" count="2" type="cond" truecount="1" falsecount="1"/>
      <line num="4" count="2" type="cond" truecount="1" falsecount="1"/>
      <line num="5" count="2" type="cond" truecount="2" falsecount="2"/>
      <line num="6" count="2" type="cond" truecount="3" falsecount="1"/>
      <line num="7" count="0" type="stmt"/>
      <line num="10" count="1" type="stmt"/>
      <line num="11" count="2" type="stmt"/>
      <line num="12" count="2" type="stmt"/>
      <line num="13" count="2" type="cond" truecount="1" falsecount="1"/>
      <line num="14" count="2" type="stmt"/>
      <line num="15" count="4" type="cond" truecount="1" falsecount="1"/>
      <line num="16" count="4" type="cond" truecount="2" falsecount="0"/>
      <line num="18" count="1" type="stmt"/>
      <line num="21" count="1" type="stmt"/>
      <line num="22" count="0" type="cond" truecount="0" falsecount="2"/>
      <line num="23" count="0" type="cond" truecount="0" falsecount="2"/>
      <line num="24" count="0" type="stmt"/>
      <line num="27" count="4" type="stmt"/>
    </file>
    <file name="v-state.js" path="/Users/scott/Documents/Projects/v-state/src/v-state.js">
      <metrics statements="87" coveredstatements="85" conditionals="27" coveredconditionals="22" methods="36" coveredmethods="28"/>
      <line num="4" count="1" type="cond" truecount="1" falsecount="1"/>
      <line num="6" count="1" type="stmt"/>
      <line num="7" count="70" type="stmt"/>
      <line num="8" count="70" type="stmt"/>
      <line num="9" count="70" type="stmt"/>
      <line num="13" count="0" type="cond" truecount="2" falsecount="0"/>
      <line num="14" count="28" type="stmt"/>
      <line num="15" count="28" type="stmt"/>
      <line num="16" count="28" type="stmt"/>
      <line num="17" count="28" type="stmt"/>
      <line num="18" count="28" type="stmt"/>
      <line num="19" count="28" type="stmt"/>
      <line num="20" count="28" type="stmt"/>
      <line num="21" count="28" type="stmt"/>
      <line num="23" count="28" type="stmt"/>
      <line num="24" count="28" type="stmt"/>
      <line num="25" count="28" type="stmt"/>
      <line num="26" count="28" type="stmt"/>
      <line num="27" count="28" type="stmt"/>
      <line num="28" count="28" type="stmt"/>
      <line num="29" count="28" type="stmt"/>
      <line num="30" count="28" type="stmt"/>
      <line num="31" count="28" type="stmt"/>
      <line num="32" count="28" type="stmt"/>
      <line num="33" count="28" type="stmt"/>
      <line num="37" count="32" type="stmt"/>
      <line num="38" count="32" type="stmt"/>
      <line num="39" count="32" type="stmt"/>
      <line num="40" count="32" type="stmt"/>
      <line num="44" count="51" type="stmt"/>
      <line num="45" count="51" type="cond" truecount="2" falsecount="0"/>
      <line num="46" count="51" type="cond" truecount="2" falsecount="0"/>
      <line num="47" count="32" type="stmt"/>
      <line num="48" count="32" type="stmt"/>
      <line num="49" count="32" type="stmt"/>
      <line num="54" count="1" type="stmt"/>
      <line num="55" count="1" type="stmt"/>
      <line num="56" count="1" type="cond" truecount="1" falsecount="1"/>
      <line num="57" count="1" type="stmt"/>
      <line num="58" count="1" type="stmt"/>
      <line num="59" count="1" type="cond" truecount="1" falsecount="1"/>
      <line num="61" count="1" type="stmt"/>
      <line num="62" count="1" type="stmt"/>
      <line num="63" count="1" type="stmt"/>
      <line num="64" count="1" type="stmt"/>
      <line num="65" count="1" type="stmt"/>
      <line num="69" count="167" type="stmt"/>
      <line num="73" count="1" type="stmt"/>
      <line num="74" count="1" type="stmt"/>
      <line num="75" count="1" type="stmt"/>
      <line num="79" count="50" type="stmt"/>
      <line num="83" count="4" type="stmt"/>
      <line num="87" count="26" type="stmt"/>
      <line num="91" count="3" type="stmt"/>
      <line num="95" count="29" type="stmt"/>
      <line num="96" count="29" type="stmt"/>
      <line num="97" count="29" type="stmt"/>
      <line num="98" count="29" type="stmt"/>
      <line num="102" count="60" type="stmt"/>
      <line num="106" count="1" type="cond" truecount="1" falsecount="1"/>
      <line num="107" count="0" type="stmt"/>
      <line num="108" count="2" type="stmt"/>
      <line num="109" count="1" type="stmt"/>
      <line num="110" count="2" type="stmt"/>
      <line num="111" count="2" type="stmt"/>
      <line num="112" count="2" type="stmt"/>
      <line num="117" count="35" type="stmt"/>
      <line num="118" count="35" type="stmt"/>
      <line num="119" count="35" type="stmt"/>
      <line num="121" count="35" type="stmt"/>
      <line num="122" count="35" type="stmt"/>
      <line num="124" count="35" type="stmt"/>
      <line num="125" count="25" type="stmt"/>
      <line num="126" count="25" type="stmt"/>
      <line num="127" count="25" type="stmt"/>
      <line num="129" count="25" type="stmt"/>
      <line num="130" count="31" type="stmt"/>
      <line num="131" count="31" type="stmt"/>
      <line num="133" count="31" type="stmt"/>
      <line num="134" count="31" type="stmt"/>
      <line num="136" count="31" type="cond" truecount="4" falsecount="0"/>
      <line num="138" count="31" type="cond" truecount="2" falsecount="0"/>
      <line num="139" count="4" type="stmt"/>
      <line num="140" count="4" type="stmt"/>
      <line num="141" count="4" type="stmt"/>
      <line num="142" count="4" type="stmt"/>
      <line num="147" count="35" type="stmt"/>
    </file>
  </project>
</coverage>
