<?xml version="1.0" encoding="UTF-8"?>
<coverage generated="1590425730089" clover="3.2.0">
  <project timestamp="1590425730089" name="All files">
    <metrics statements="107" coveredstatements="105" conditionals="51" coveredconditionals="43" methods="40" coveredmethods="37" elements="198" coveredelements="185" complexity="0" loc="107" ncloc="107" packages="1" files="2" classes="2"/>
    <file name="shallow-equal.js" path="/Users/scott/Documents/Projects/v-state/src/shallow-equal.js">
      <metrics statements="20" coveredstatements="19" conditionals="24" coveredconditionals="19" methods="4" coveredmethods="4"/>
      <line num="1" count="1" type="stmt"/>
      <line num="2" count="19" type="cond" truecount="2" falsecount="0"/>
      <line num="3" count="7" type="cond" truecount="1" falsecount="1"/>
      <line num="4" count="7" type="cond" truecount="2" falsecount="0"/>
      <line num="5" count="6" type="cond" truecount="4" falsecount="0"/>
      <line num="6" count="5" type="cond" truecount="3" falsecount="1"/>
      <line num="7" count="0" type="stmt"/>
      <line num="10" count="1" type="stmt"/>
      <line num="11" count="5" type="stmt"/>
      <line num="12" count="5" type="stmt"/>
      <line num="13" count="5" type="cond" truecount="2" falsecount="0"/>
      <line num="14" count="3" type="stmt"/>
      <line num="15" count="5" type="cond" truecount="1" falsecount="1"/>
      <line num="16" count="5" type="cond" truecount="2" falsecount="0"/>
      <line num="18" count="2" type="stmt"/>
      <line num="21" count="1" type="stmt"/>
      <line num="22" count="1" type="cond" truecount="1" falsecount="1"/>
      <line num="23" count="2" type="cond" truecount="1" falsecount="1"/>
      <line num="24" count="1" type="stmt"/>
      <line num="27" count="10" type="stmt"/>
    </file>
    <file name="v-state.js" path="/Users/scott/Documents/Projects/v-state/src/v-state.js">
      <metrics statements="87" coveredstatements="86" conditionals="27" coveredconditionals="24" methods="36" coveredmethods="33"/>
      <line num="4" count="1" type="cond" truecount="1" falsecount="1"/>
      <line num="6" count="1" type="stmt"/>
      <line num="7" count="92" type="stmt"/>
      <line num="8" count="92" type="stmt"/>
      <line num="9" count="92" type="stmt"/>
      <line num="13" count="0" type="cond" truecount="2" falsecount="0"/>
      <line num="14" count="33" type="stmt"/>
      <line num="15" count="33" type="stmt"/>
      <line num="16" count="33" type="stmt"/>
      <line num="17" count="33" type="stmt"/>
      <line num="18" count="33" type="stmt"/>
      <line num="19" count="33" type="stmt"/>
      <line num="20" count="52" type="stmt"/>
      <line num="21" count="33" type="stmt"/>
      <line num="23" count="33" type="stmt"/>
      <line num="24" count="33" type="stmt"/>
      <line num="25" count="33" type="stmt"/>
      <line num="26" count="33" type="stmt"/>
      <line num="27" count="33" type="stmt"/>
      <line num="28" count="33" type="stmt"/>
      <line num="29" count="33" type="stmt"/>
      <line num="30" count="33" type="stmt"/>
      <line num="31" count="33" type="stmt"/>
      <line num="32" count="33" type="stmt"/>
      <line num="33" count="33" type="stmt"/>
      <line num="37" count="63" type="stmt"/>
      <line num="38" count="63" type="stmt"/>
      <line num="39" count="63" type="stmt"/>
      <line num="40" count="63" type="stmt"/>
      <line num="44" count="95" type="stmt"/>
      <line num="45" count="95" type="cond" truecount="2" falsecount="0"/>
      <line num="46" count="95" type="cond" truecount="2" falsecount="0"/>
      <line num="47" count="63" type="stmt"/>
      <line num="48" count="63" type="stmt"/>
      <line num="49" count="63" type="stmt"/>
      <line num="54" count="5" type="stmt"/>
      <line num="55" count="5" type="stmt"/>
      <line num="56" count="27" type="cond" truecount="1" falsecount="1"/>
      <line num="57" count="27" type="stmt"/>
      <line num="58" count="27" type="stmt"/>
      <line num="59" count="27" type="cond" truecount="2" falsecount="0"/>
      <line num="61" count="5" type="stmt"/>
      <line num="62" count="5" type="stmt"/>
      <line num="63" count="5" type="stmt"/>
      <line num="64" count="5" type="stmt"/>
      <line num="65" count="5" type="stmt"/>
      <line num="69" count="294" type="stmt"/>
      <line num="73" count="2" type="stmt"/>
      <line num="74" count="2" type="stmt"/>
      <line num="75" count="2" type="stmt"/>
      <line num="79" count="76" type="stmt"/>
      <line num="83" count="5" type="stmt"/>
      <line num="87" count="45" type="stmt"/>
      <line num="91" count="3" type="stmt"/>
      <line num="95" count="41" type="stmt"/>
      <line num="96" count="41" type="stmt"/>
      <line num="97" count="41" type="stmt"/>
      <line num="98" count="41" type="stmt"/>
      <line num="102" count="97" type="stmt"/>
      <line num="106" count="7" type="cond" truecount="2" falsecount="0"/>
      <line num="107" count="9" type="stmt"/>
      <line num="108" count="4" type="stmt"/>
      <line num="109" count="7" type="stmt"/>
      <line num="110" count="13" type="stmt"/>
      <line num="111" count="13" type="stmt"/>
      <line num="112" count="13" type="stmt"/>
      <line num="117" count="46" type="stmt"/>
      <line num="118" count="46" type="stmt"/>
      <line num="119" count="46" type="stmt"/>
      <line num="121" count="46" type="stmt"/>
      <line num="122" count="46" type="stmt"/>
      <line num="124" count="46" type="stmt"/>
      <line num="125" count="31" type="stmt"/>
      <line num="126" count="31" type="stmt"/>
      <line num="127" count="31" type="stmt"/>
      <line num="129" count="31" type="stmt"/>
      <line num="130" count="44" type="stmt"/>
      <line num="131" count="44" type="stmt"/>
      <line num="133" count="44" type="stmt"/>
      <line num="134" count="44" type="stmt"/>
      <line num="136" count="44" type="cond" truecount="4" falsecount="0"/>
      <line num="138" count="44" type="cond" truecount="2" falsecount="0"/>
      <line num="139" count="9" type="stmt"/>
      <line num="140" count="9" type="stmt"/>
      <line num="141" count="9" type="stmt"/>
      <line num="142" count="9" type="stmt"/>
      <line num="147" count="46" type="stmt"/>
    </file>
  </project>
</coverage>
