{"/Users/scott/Documents/Projects/v-state/src/shallow-equal.js": {"path":"/Users/scott/Documents/Projects/v-state/src/shallow-equal.js","statementMap":{"0":{"start":{"line":1,"column":21},"end":{"line":8,"column":1}},"1":{"start":{"line":2,"column":2},"end":{"line":2,"column":36}},"2":{"start":{"line":2,"column":25},"end":{"line":2,"column":36}},"3":{"start":{"line":3,"column":2},"end":{"line":3,"column":27}},"4":{"start":{"line":3,"column":15},"end":{"line":3,"column":27}},"5":{"start":{"line":4,"column":2},"end":{"line":4,"column":27}},"6":{"start":{"line":4,"column":15},"end":{"line":4,"column":27}},"7":{"start":{"line":5,"column":2},"end":{"line":5,"column":95}},"8":{"start":{"line":5,"column":54},"end":{"line":5,"column":95}},"9":{"start":{"line":6,"column":2},"end":{"line":6,"column":88}},"10":{"start":{"line":6,"column":46},"end":{"line":6,"column":88}},"11":{"start":{"line":7,"column":2},"end":{"line":7,"column":14}},"12":{"start":{"line":10,"column":28},"end":{"line":19,"column":1}},"13":{"start":{"line":11,"column":22},"end":{"line":11,"column":42}},"14":{"start":{"line":12,"column":22},"end":{"line":12,"column":42}},"15":{"start":{"line":13,"column":2},"end":{"line":13,"column":61}},"16":{"start":{"line":13,"column":49},"end":{"line":13,"column":61}},"17":{"start":{"line":14,"column":2},"end":{"line":17,"column":3}},"18":{"start":{"line":15,"column":4},"end":{"line":15,"column":73}},"19":{"start":{"line":15,"column":61},"end":{"line":15,"column":73}},"20":{"start":{"line":16,"column":4},"end":{"line":16,"column":51}},"21":{"start":{"line":16,"column":39},"end":{"line":16,"column":51}},"22":{"start":{"line":18,"column":2},"end":{"line":18,"column":13}},"23":{"start":{"line":21,"column":27},"end":{"line":25,"column":1}},"24":{"start":{"line":22,"column":2},"end":{"line":22,"column":51}},"25":{"start":{"line":22,"column":39},"end":{"line":22,"column":51}},"26":{"start":{"line":23,"column":2},"end":{"line":23,"column":79}},"27":{"start":{"line":23,"column":30},"end":{"line":23,"column":79}},"28":{"start":{"line":23,"column":67},"end":{"line":23,"column":79}},"29":{"start":{"line":24,"column":2},"end":{"line":24,"column":13}},"30":{"start":{"line":27,"column":18},"end":{"line":27,"column":92}},"31":{"start":{"line":27,"column":30},"end":{"line":27,"column":92}}},"fnMap":{"0":{"name":"(anonymous_0)","decl":{"start":{"line":1,"column":21},"end":{"line":1,"column":22}},"loc":{"start":{"line":1,"column":41},"end":{"line":8,"column":1}},"line":1},"1":{"name":"(anonymous_1)","decl":{"start":{"line":10,"column":28},"end":{"line":10,"column":29}},"loc":{"start":{"line":10,"column":50},"end":{"line":19,"column":1}},"line":10},"2":{"name":"(anonymous_2)","decl":{"start":{"line":21,"column":27},"end":{"line":21,"column":28}},"loc":{"start":{"line":21,"column":47},"end":{"line":25,"column":1}},"line":21},"3":{"name":"(anonymous_3)","decl":{"start":{"line":27,"column":18},"end":{"line":27,"column":19}},"loc":{"start":{"line":27,"column":30},"end":{"line":27,"column":92}},"line":27}},"branchMap":{"0":{"loc":{"start":{"line":2,"column":2},"end":{"line":2,"column":36}},"type":"if","locations":[{"start":{"line":2,"column":2},"end":{"line":2,"column":36}},{"start":{"line":2,"column":2},"end":{"line":2,"column":36}}],"line":2},"1":{"loc":{"start":{"line":3,"column":2},"end":{"line":3,"column":27}},"type":"if","locations":[{"start":{"line":3,"column":2},"end":{"line":3,"column":27}},{"start":{"line":3,"column":2},"end":{"line":3,"column":27}}],"line":3},"2":{"loc":{"start":{"line":4,"column":2},"end":{"line":4,"column":27}},"type":"if","locations":[{"start":{"line":4,"column":2},"end":{"line":4,"column":27}},{"start":{"line":4,"column":2},"end":{"line":4,"column":27}}],"line":4},"3":{"loc":{"start":{"line":5,"column":2},"end":{"line":5,"column":95}},"type":"if","locations":[{"start":{"line":5,"column":2},"end":{"line":5,"column":95}},{"start":{"line":5,"column":2},"end":{"line":5,"column":95}}],"line":5},"4":{"loc":{"start":{"line":5,"column":6},"end":{"line":5,"column":52}},"type":"binary-expr","locations":[{"start":{"line":5,"column":6},"end":{"line":5,"column":27}},{"start":{"line":5,"column":31},"end":{"line":5,"column":52}}],"line":5},"5":{"loc":{"start":{"line":6,"column":2},"end":{"line":6,"column":88}},"type":"if","locations":[{"start":{"line":6,"column":2},"end":{"line":6,"column":88}},{"start":{"line":6,"column":2},"end":{"line":6,"column":88}}],"line":6},"6":{"loc":{"start":{"line":6,"column":6},"end":{"line":6,"column":44}},"type":"binary-expr","locations":[{"start":{"line":6,"column":6},"end":{"line":6,"column":23}},{"start":{"line":6,"column":27},"end":{"line":6,"column":44}}],"line":6},"7":{"loc":{"start":{"line":13,"column":2},"end":{"line":13,"column":61}},"type":"if","locations":[{"start":{"line":13,"column":2},"end":{"line":13,"column":61}},{"start":{"line":13,"column":2},"end":{"line":13,"column":61}}],"line":13},"8":{"loc":{"start":{"line":15,"column":4},"end":{"line":15,"column":73}},"type":"if","locations":[{"start":{"line":15,"column":4},"end":{"line":15,"column":73}},{"start":{"line":15,"column":4},"end":{"line":15,"column":73}}],"line":15},"9":{"loc":{"start":{"line":16,"column":4},"end":{"line":16,"column":51}},"type":"if","locations":[{"start":{"line":16,"column":4},"end":{"line":16,"column":51}},{"start":{"line":16,"column":4},"end":{"line":16,"column":51}}],"line":16},"10":{"loc":{"start":{"line":22,"column":2},"end":{"line":22,"column":51}},"type":"if","locations":[{"start":{"line":22,"column":2},"end":{"line":22,"column":51}},{"start":{"line":22,"column":2},"end":{"line":22,"column":51}}],"line":22},"11":{"loc":{"start":{"line":23,"column":30},"end":{"line":23,"column":79}},"type":"if","locations":[{"start":{"line":23,"column":30},"end":{"line":23,"column":79}},{"start":{"line":23,"column":30},"end":{"line":23,"column":79}}],"line":23}},"s":{"0":1,"1":10,"2":8,"3":2,"4":0,"5":2,"6":0,"7":2,"8":0,"9":2,"10":2,"11":0,"12":1,"13":2,"14":2,"15":2,"16":0,"17":2,"18":4,"19":0,"20":4,"21":1,"22":1,"23":1,"24":0,"25":0,"26":0,"27":0,"28":0,"29":0,"30":1,"31":4},"f":{"0":10,"1":2,"2":0,"3":4},"b":{"0":[8,2],"1":[0,2],"2":[0,2],"3":[0,2],"4":[2,0],"5":[2,0],"6":[2,2],"7":[0,2],"8":[0,4],"9":[1,3],"10":[0,0],"11":[0,0]},"_coverageSchema":"1a1c01bbd47fc00a2c39e90264f33305004495a9","hash":"bee008436f101cb39e6beaed9966a49026b61023"}
,"/Users/scott/Documents/Projects/v-state/src/v-state.js": {"path":"/Users/scott/Documents/Projects/v-state/src/v-state.js","statementMap":{"0":{"start":{"line":4,"column":33},"end":{"line":4,"column":92}},"1":{"start":{"line":6,"column":23},"end":{"line":10,"column":1}},"2":{"start":{"line":7,"column":14},"end":{"line":7,"column":22}},"3":{"start":{"line":8,"column":2},"end":{"line":8,"column":21}},"4":{"start":{"line":9,"column":2},"end":{"line":9,"column":12}},"5":{"start":{"line":13,"column":60},"end":{"line":13,"column":65}},"6":{"start":{"line":14,"column":4},"end":{"line":14,"column":37}},"7":{"start":{"line":15,"column":4},"end":{"line":15,"column":45}},"8":{"start":{"line":16,"column":4},"end":{"line":16,"column":27}},"9":{"start":{"line":17,"column":4},"end":{"line":17,"column":28}},"10":{"start":{"line":18,"column":4},"end":{"line":18,"column":48}},"11":{"start":{"line":19,"column":4},"end":{"line":19,"column":42}},"12":{"start":{"line":19,"column":37},"end":{"line":19,"column":42}},"13":{"start":{"line":20,"column":4},"end":{"line":20,"column":47}},"14":{"start":{"line":20,"column":40},"end":{"line":20,"column":47}},"15":{"start":{"line":21,"column":4},"end":{"line":21,"column":36}},"16":{"start":{"line":23,"column":4},"end":{"line":23,"column":34}},"17":{"start":{"line":24,"column":4},"end":{"line":24,"column":34}},"18":{"start":{"line":25,"column":4},"end":{"line":25,"column":46}},"19":{"start":{"line":26,"column":4},"end":{"line":26,"column":38}},"20":{"start":{"line":27,"column":4},"end":{"line":27,"column":40}},"21":{"start":{"line":28,"column":4},"end":{"line":28,"column":46}},"22":{"start":{"line":29,"column":4},"end":{"line":29,"column":50}},"23":{"start":{"line":30,"column":4},"end":{"line":30,"column":34}},"24":{"start":{"line":31,"column":4},"end":{"line":31,"column":44}},"25":{"start":{"line":32,"column":4},"end":{"line":32,"column":58}},"26":{"start":{"line":33,"column":4},"end":{"line":33,"column":40}},"27":{"start":{"line":37,"column":25},"end":{"line":37,"column":35}},"28":{"start":{"line":38,"column":32},"end":{"line":38,"column":34}},"29":{"start":{"line":39,"column":4},"end":{"line":39,"column":101}},"30":{"start":{"line":39,"column":48},"end":{"line":39,"column":100}},"31":{"start":{"line":39,"column":71},"end":{"line":39,"column":99}},"32":{"start":{"line":40,"column":4},"end":{"line":40,"column":44}},"33":{"start":{"line":44,"column":25},"end":{"line":44,"column":35}},"34":{"start":{"line":45,"column":21},"end":{"line":45,"column":90}},"35":{"start":{"line":46,"column":4},"end":{"line":50,"column":5}},"36":{"start":{"line":47,"column":6},"end":{"line":47,"column":28}},"37":{"start":{"line":48,"column":6},"end":{"line":48,"column":32}},"38":{"start":{"line":49,"column":6},"end":{"line":49,"column":23}},"39":{"start":{"line":54,"column":25},"end":{"line":54,"column":37}},"40":{"start":{"line":55,"column":4},"end":{"line":60,"column":6}},"41":{"start":{"line":56,"column":6},"end":{"line":56,"column":38}},"42":{"start":{"line":56,"column":25},"end":{"line":56,"column":38}},"43":{"start":{"line":57,"column":35},"end":{"line":57,"column":53}},"44":{"start":{"line":58,"column":28},"end":{"line":58,"column":43}},"45":{"start":{"line":59,"column":6},"end":{"line":59,"column":92}},"46":{"start":{"line":59,"column":60},"end":{"line":59,"column":92}},"47":{"start":{"line":61,"column":4},"end":{"line":61,"column":86}},"48":{"start":{"line":61,"column":31},"end":{"line":61,"column":84}},"49":{"start":{"line":62,"column":4},"end":{"line":62,"column":90}},"50":{"start":{"line":62,"column":33},"end":{"line":62,"column":88}},"51":{"start":{"line":63,"column":4},"end":{"line":63,"column":92}},"52":{"start":{"line":63,"column":34},"end":{"line":63,"column":90}},"53":{"start":{"line":64,"column":4},"end":{"line":64,"column":96}},"54":{"start":{"line":64,"column":36},"end":{"line":64,"column":94}},"55":{"start":{"line":65,"column":4},"end":{"line":65,"column":23}},"56":{"start":{"line":69,"column":4},"end":{"line":69,"column":22}},"57":{"start":{"line":73,"column":25},"end":{"line":73,"column":35}},"58":{"start":{"line":74,"column":21},"end":{"line":74,"column":59}},"59":{"start":{"line":75,"column":4},"end":{"line":75,"column":22}},"60":{"start":{"line":79,"column":4},"end":{"line":79,"column":20}},"61":{"start":{"line":83,"column":4},"end":{"line":83,"column":37}},"62":{"start":{"line":83,"column":22},"end":{"line":83,"column":36}},"63":{"start":{"line":87,"column":4},"end":{"line":87,"column":32}},"64":{"start":{"line":91,"column":4},"end":{"line":91,"column":43}},"65":{"start":{"line":91,"column":29},"end":{"line":91,"column":42}},"66":{"start":{"line":95,"column":4},"end":{"line":95,"column":40}},"67":{"start":{"line":96,"column":25},"end":{"line":96,"column":35}},"68":{"start":{"line":97,"column":4},"end":{"line":97,"column":48}},"69":{"start":{"line":97,"column":27},"end":{"line":97,"column":47}},"70":{"start":{"line":98,"column":4},"end":{"line":98,"column":37}},"71":{"start":{"line":98,"column":17},"end":{"line":98,"column":37}},"72":{"start":{"line":102,"column":4},"end":{"line":102,"column":83}},"73":{"start":{"line":102,"column":65},"end":{"line":102,"column":82}},"74":{"start":{"line":106,"column":24},"end":{"line":108,"column":63}},"75":{"start":{"line":107,"column":14},"end":{"line":107,"column":44}},"76":{"start":{"line":108,"column":15},"end":{"line":108,"column":62}},"77":{"start":{"line":109,"column":4},"end":{"line":113,"column":5}},"78":{"start":{"line":110,"column":23},"end":{"line":110,"column":36}},"79":{"start":{"line":111,"column":28},"end":{"line":111,"column":53}},"80":{"start":{"line":112,"column":6},"end":{"line":112,"column":45}},"81":{"start":{"line":117,"column":25},"end":{"line":117,"column":35}},"82":{"start":{"line":118,"column":30},"end":{"line":118,"column":52}},"83":{"start":{"line":119,"column":26},"end":{"line":119,"column":75}},"84":{"start":{"line":119,"column":40},"end":{"line":119,"column":55}},"85":{"start":{"line":121,"column":24},"end":{"line":121,"column":48}},"86":{"start":{"line":122,"column":26},"end":{"line":122,"column":52}},"87":{"start":{"line":124,"column":4},"end":{"line":145,"column":10}},"88":{"start":{"line":125,"column":27},"end":{"line":125,"column":32}},"89":{"start":{"line":126,"column":30},"end":{"line":126,"column":38}},"90":{"start":{"line":127,"column":35},"end":{"line":127,"column":48}},"91":{"start":{"line":129,"column":6},"end":{"line":144,"column":8}},"92":{"start":{"line":130,"column":28},"end":{"line":130,"column":47}},"93":{"start":{"line":131,"column":30},"end":{"line":131,"column":51}},"94":{"start":{"line":133,"column":29},"end":{"line":133,"column":56}},"95":{"start":{"line":134,"column":32},"end":{"line":134,"column":65}},"96":{"start":{"line":136,"column":33},"end":{"line":136,"column":113}},"97":{"start":{"line":138,"column":8},"end":{"line":143,"column":9}},"98":{"start":{"line":139,"column":10},"end":{"line":139,"column":28}},"99":{"start":{"line":140,"column":10},"end":{"line":140,"column":35}},"100":{"start":{"line":141,"column":10},"end":{"line":141,"column":41}},"101":{"start":{"line":142,"column":10},"end":{"line":142,"column":51}},"102":{"start":{"line":147,"column":4},"end":{"line":147,"column":24}}},"fnMap":{"0":{"name":"(anonymous_0)","decl":{"start":{"line":6,"column":23},"end":{"line":6,"column":24}},"loc":{"start":{"line":6,"column":32},"end":{"line":10,"column":1}},"line":6},"1":{"name":"(anonymous_1)","decl":{"start":{"line":13,"column":2},"end":{"line":13,"column":3}},"loc":{"start":{"line":13,"column":67},"end":{"line":34,"column":3}},"line":13},"2":{"name":"(anonymous_2)","decl":{"start":{"line":13,"column":51},"end":{"line":13,"column":52}},"loc":{"start":{"line":13,"column":60},"end":{"line":13,"column":65}},"line":13},"3":{"name":"(anonymous_3)","decl":{"start":{"line":19,"column":28},"end":{"line":19,"column":29}},"loc":{"start":{"line":19,"column":37},"end":{"line":19,"column":42}},"line":19},"4":{"name":"(anonymous_4)","decl":{"start":{"line":20,"column":30},"end":{"line":20,"column":31}},"loc":{"start":{"line":20,"column":40},"end":{"line":20,"column":47}},"line":20},"5":{"name":"(anonymous_5)","decl":{"start":{"line":36,"column":2},"end":{"line":36,"column":3}},"loc":{"start":{"line":36,"column":16},"end":{"line":41,"column":3}},"line":36},"6":{"name":"(anonymous_6)","decl":{"start":{"line":39,"column":32},"end":{"line":39,"column":33}},"loc":{"start":{"line":39,"column":48},"end":{"line":39,"column":100}},"line":39},"7":{"name":"(anonymous_7)","decl":{"start":{"line":39,"column":65},"end":{"line":39,"column":66}},"loc":{"start":{"line":39,"column":71},"end":{"line":39,"column":99}},"line":39},"8":{"name":"(anonymous_8)","decl":{"start":{"line":43,"column":2},"end":{"line":43,"column":3}},"loc":{"start":{"line":43,"column":19},"end":{"line":51,"column":3}},"line":43},"9":{"name":"(anonymous_9)","decl":{"start":{"line":53,"column":2},"end":{"line":53,"column":3}},"loc":{"start":{"line":53,"column":91},"end":{"line":66,"column":3}},"line":53},"10":{"name":"(anonymous_10)","decl":{"start":{"line":55,"column":19},"end":{"line":55,"column":20}},"loc":{"start":{"line":55,"column":43},"end":{"line":60,"column":5}},"line":55},"11":{"name":"(anonymous_11)","decl":{"start":{"line":61,"column":23},"end":{"line":61,"column":24}},"loc":{"start":{"line":61,"column":29},"end":{"line":61,"column":86}},"line":61},"12":{"name":"(anonymous_12)","decl":{"start":{"line":62,"column":25},"end":{"line":62,"column":26}},"loc":{"start":{"line":62,"column":31},"end":{"line":62,"column":90}},"line":62},"13":{"name":"(anonymous_13)","decl":{"start":{"line":63,"column":26},"end":{"line":63,"column":27}},"loc":{"start":{"line":63,"column":32},"end":{"line":63,"column":92}},"line":63},"14":{"name":"(anonymous_14)","decl":{"start":{"line":64,"column":28},"end":{"line":64,"column":29}},"loc":{"start":{"line":64,"column":34},"end":{"line":64,"column":96}},"line":64},"15":{"name":"(anonymous_15)","decl":{"start":{"line":68,"column":2},"end":{"line":68,"column":3}},"loc":{"start":{"line":68,"column":9},"end":{"line":70,"column":3}},"line":68},"16":{"name":"(anonymous_16)","decl":{"start":{"line":72,"column":2},"end":{"line":72,"column":3}},"loc":{"start":{"line":72,"column":23},"end":{"line":76,"column":3}},"line":72},"17":{"name":"(anonymous_17)","decl":{"start":{"line":78,"column":2},"end":{"line":78,"column":3}},"loc":{"start":{"line":78,"column":14},"end":{"line":80,"column":3}},"line":78},"18":{"name":"(anonymous_18)","decl":{"start":{"line":82,"column":2},"end":{"line":82,"column":3}},"loc":{"start":{"line":82,"column":25},"end":{"line":84,"column":3}},"line":82},"19":{"name":"(anonymous_19)","decl":{"start":{"line":83,"column":13},"end":{"line":83,"column":14}},"loc":{"start":{"line":83,"column":22},"end":{"line":83,"column":36}},"line":83},"20":{"name":"(anonymous_20)","decl":{"start":{"line":86,"column":2},"end":{"line":86,"column":3}},"loc":{"start":{"line":86,"column":11},"end":{"line":88,"column":3}},"line":86},"21":{"name":"(anonymous_21)","decl":{"start":{"line":90,"column":2},"end":{"line":90,"column":3}},"loc":{"start":{"line":90,"column":12},"end":{"line":92,"column":3}},"line":90},"22":{"name":"(anonymous_22)","decl":{"start":{"line":91,"column":13},"end":{"line":91,"column":14}},"loc":{"start":{"line":91,"column":29},"end":{"line":91,"column":42}},"line":91},"23":{"name":"(anonymous_23)","decl":{"start":{"line":94,"column":2},"end":{"line":94,"column":3}},"loc":{"start":{"line":94,"column":36},"end":{"line":99,"column":3}},"line":94},"24":{"name":"(anonymous_24)","decl":{"start":{"line":97,"column":21},"end":{"line":97,"column":22}},"loc":{"start":{"line":97,"column":27},"end":{"line":97,"column":47}},"line":97},"25":{"name":"(anonymous_25)","decl":{"start":{"line":98,"column":11},"end":{"line":98,"column":12}},"loc":{"start":{"line":98,"column":17},"end":{"line":98,"column":37}},"line":98},"26":{"name":"(anonymous_26)","decl":{"start":{"line":101,"column":2},"end":{"line":101,"column":3}},"loc":{"start":{"line":101,"column":23},"end":{"line":103,"column":3}},"line":101},"27":{"name":"(anonymous_27)","decl":{"start":{"line":102,"column":53},"end":{"line":102,"column":54}},"loc":{"start":{"line":102,"column":65},"end":{"line":102,"column":82}},"line":102},"28":{"name":"(anonymous_28)","decl":{"start":{"line":105,"column":2},"end":{"line":105,"column":3}},"loc":{"start":{"line":105,"column":69},"end":{"line":114,"column":3}},"line":105},"29":{"name":"(anonymous_29)","decl":{"start":{"line":107,"column":8},"end":{"line":107,"column":9}},"loc":{"start":{"line":107,"column":14},"end":{"line":107,"column":44}},"line":107},"30":{"name":"(anonymous_30)","decl":{"start":{"line":108,"column":8},"end":{"line":108,"column":9}},"loc":{"start":{"line":108,"column":15},"end":{"line":108,"column":62}},"line":108},"31":{"name":"(anonymous_31)","decl":{"start":{"line":109,"column":11},"end":{"line":109,"column":12}},"loc":{"start":{"line":109,"column":20},"end":{"line":113,"column":5}},"line":109},"32":{"name":"(anonymous_32)","decl":{"start":{"line":116,"column":2},"end":{"line":116,"column":3}},"loc":{"start":{"line":116,"column":79},"end":{"line":148,"column":3}},"line":116},"33":{"name":"(anonymous_33)","decl":{"start":{"line":119,"column":34},"end":{"line":119,"column":35}},"loc":{"start":{"line":119,"column":40},"end":{"line":119,"column":55}},"line":119},"34":{"name":"(anonymous_34)","decl":{"start":{"line":124,"column":29},"end":{"line":124,"column":30}},"loc":{"start":{"line":124,"column":35},"end":{"line":145,"column":5}},"line":124},"35":{"name":"(anonymous_35)","decl":{"start":{"line":129,"column":28},"end":{"line":129,"column":29}},"loc":{"start":{"line":129,"column":40},"end":{"line":144,"column":7}},"line":129}},"branchMap":{"0":{"loc":{"start":{"line":4,"column":33},"end":{"line":4,"column":92}},"type":"cond-expr","locations":[{"start":{"line":4,"column":65},"end":{"line":4,"column":80}},{"start":{"line":4,"column":83},"end":{"line":4,"column":92}}],"line":4},"1":{"loc":{"start":{"line":13,"column":15},"end":{"line":13,"column":39}},"type":"default-arg","locations":[{"start":{"line":13,"column":30},"end":{"line":13,"column":39}}],"line":13},"2":{"loc":{"start":{"line":13,"column":41},"end":{"line":13,"column":65}},"type":"default-arg","locations":[{"start":{"line":13,"column":51},"end":{"line":13,"column":65}}],"line":13},"3":{"loc":{"start":{"line":45,"column":21},"end":{"line":45,"column":90}},"type":"cond-expr","locations":[{"start":{"line":45,"column":55},"end":{"line":45,"column":78}},{"start":{"line":45,"column":81},"end":{"line":45,"column":90}}],"line":45},"4":{"loc":{"start":{"line":46,"column":4},"end":{"line":50,"column":5}},"type":"if","locations":[{"start":{"line":46,"column":4},"end":{"line":50,"column":5}},{"start":{"line":46,"column":4},"end":{"line":50,"column":5}}],"line":46},"5":{"loc":{"start":{"line":53,"column":19},"end":{"line":53,"column":51}},"type":"default-arg","locations":[{"start":{"line":53,"column":30},"end":{"line":53,"column":51}}],"line":53},"6":{"loc":{"start":{"line":53,"column":53},"end":{"line":53,"column":89}},"type":"default-arg","locations":[{"start":{"line":53,"column":66},"end":{"line":53,"column":89}}],"line":53},"7":{"loc":{"start":{"line":56,"column":6},"end":{"line":56,"column":38}},"type":"if","locations":[{"start":{"line":56,"column":6},"end":{"line":56,"column":38}},{"start":{"line":56,"column":6},"end":{"line":56,"column":38}}],"line":56},"8":{"loc":{"start":{"line":59,"column":6},"end":{"line":59,"column":92}},"type":"if","locations":[{"start":{"line":59,"column":6},"end":{"line":59,"column":92}},{"start":{"line":59,"column":6},"end":{"line":59,"column":92}}],"line":59},"9":{"loc":{"start":{"line":82,"column":13},"end":{"line":82,"column":23}},"type":"default-arg","locations":[{"start":{"line":82,"column":22},"end":{"line":82,"column":23}}],"line":82},"10":{"loc":{"start":{"line":94,"column":17},"end":{"line":94,"column":34}},"type":"default-arg","locations":[{"start":{"line":94,"column":22},"end":{"line":94,"column":34}}],"line":94},"11":{"loc":{"start":{"line":105,"column":31},"end":{"line":105,"column":67}},"type":"default-arg","locations":[{"start":{"line":105,"column":44},"end":{"line":105,"column":67}}],"line":105},"12":{"loc":{"start":{"line":106,"column":24},"end":{"line":108,"column":63}},"type":"cond-expr","locations":[{"start":{"line":107,"column":8},"end":{"line":107,"column":44}},{"start":{"line":108,"column":8},"end":{"line":108,"column":63}}],"line":106},"13":{"loc":{"start":{"line":116,"column":7},"end":{"line":116,"column":39}},"type":"default-arg","locations":[{"start":{"line":116,"column":18},"end":{"line":116,"column":39}}],"line":116},"14":{"loc":{"start":{"line":116,"column":41},"end":{"line":116,"column":77}},"type":"default-arg","locations":[{"start":{"line":116,"column":54},"end":{"line":116,"column":77}}],"line":116},"15":{"loc":{"start":{"line":136,"column":33},"end":{"line":136,"column":113}},"type":"cond-expr","locations":[{"start":{"line":136,"column":67},"end":{"line":136,"column":88}},{"start":{"line":136,"column":91},"end":{"line":136,"column":113}}],"line":136},"16":{"loc":{"start":{"line":136,"column":33},"end":{"line":136,"column":64}},"type":"binary-expr","locations":[{"start":{"line":136,"column":33},"end":{"line":136,"column":45}},{"start":{"line":136,"column":49},"end":{"line":136,"column":64}}],"line":136},"17":{"loc":{"start":{"line":138,"column":8},"end":{"line":143,"column":9}},"type":"if","locations":[{"start":{"line":138,"column":8},"end":{"line":143,"column":9}},{"start":{"line":138,"column":8},"end":{"line":143,"column":9}}],"line":138}},"s":{"0":1,"1":1,"2":70,"3":70,"4":70,"5":0,"6":28,"7":28,"8":28,"9":28,"10":28,"11":28,"12":13,"13":28,"14":22,"15":28,"16":28,"17":28,"18":28,"19":28,"20":28,"21":28,"22":28,"23":28,"24":28,"25":28,"26":28,"27":32,"28":32,"29":32,"30":8,"31":0,"32":32,"33":51,"34":51,"35":51,"36":32,"37":32,"38":32,"39":1,"40":1,"41":1,"42":0,"43":1,"44":1,"45":1,"46":1,"47":1,"48":0,"49":1,"50":0,"51":1,"52":0,"53":1,"54":0,"55":1,"56":167,"57":1,"58":1,"59":1,"60":50,"61":4,"62":4,"63":26,"64":3,"65":3,"66":29,"67":29,"68":29,"69":0,"70":29,"71":26,"72":60,"73":36,"74":1,"75":0,"76":2,"77":1,"78":2,"79":2,"80":2,"81":35,"82":35,"83":35,"84":33,"85":35,"86":35,"87":35,"88":25,"89":25,"90":25,"91":25,"92":31,"93":31,"94":31,"95":31,"96":31,"97":31,"98":4,"99":4,"100":4,"101":4,"102":35},"f":{"0":70,"1":28,"2":0,"3":13,"4":22,"5":32,"6":8,"7":0,"8":51,"9":1,"10":1,"11":0,"12":0,"13":0,"14":0,"15":167,"16":1,"17":50,"18":4,"19":4,"20":26,"21":3,"22":3,"23":29,"24":0,"25":26,"26":60,"27":36,"28":1,"29":0,"30":2,"31":2,"32":35,"33":33,"34":25,"35":31},"b":{"0":[1,0],"1":[5],"2":[27],"3":[13,38],"4":[32,19],"5":[0],"6":[1],"7":[0,1],"8":[1,0],"9":[3],"10":[28],"11":[1],"12":[0,1],"13":[13],"14":[22],"15":[6,25],"16":[31,25],"17":[4,27]},"_coverageSchema":"1a1c01bbd47fc00a2c39e90264f33305004495a9","hash":"b35c7946fe9c6d748081888abfce7d5d4792a5de"}
}
