TN:
SF:src/shallow-equal.js
FN:1,(anonymous_0)
FN:10,(anonymous_1)
FN:21,(anonymous_2)
FN:27,(anonymous_3)
FNF:4
FNH:3
FNDA:10,(anonymous_0)
FNDA:2,(anonymous_1)
FNDA:0,(anonymous_2)
FNDA:4,(anonymous_3)
DA:1,1
DA:2,10
DA:3,2
DA:4,2
DA:5,2
DA:6,2
DA:7,0
DA:10,1
DA:11,2
DA:12,2
DA:13,2
DA:14,2
DA:15,4
DA:16,4
DA:18,1
DA:21,1
DA:22,0
DA:23,0
DA:24,0
DA:27,4
LF:20
LH:16
BRDA:2,0,0,8
BRDA:2,0,1,2
BRDA:3,1,0,0
BRDA:3,1,1,2
BRDA:4,2,0,0
BRDA:4,2,1,2
BRDA:5,3,0,0
BRDA:5,3,1,2
BRDA:5,4,0,2
BRDA:5,4,1,0
BRDA:6,5,0,2
BRDA:6,5,1,0
BRDA:6,6,0,2
BRDA:6,6,1,2
BRDA:13,7,0,0
BRDA:13,7,1,2
BRDA:15,8,0,0
BRDA:15,8,1,4
BRDA:16,9,0,1
BRDA:16,9,1,3
BRDA:22,10,0,0
BRDA:22,10,1,0
BRDA:23,11,0,0
BRDA:23,11,1,0
BRF:24
BRH:13
end_of_record
TN:
SF:src/v-state.js
FN:6,(anonymous_0)
FN:13,(anonymous_1)
FN:13,(anonymous_2)
FN:19,(anonymous_3)
FN:20,(anonymous_4)
FN:36,(anonymous_5)
FN:39,(anonymous_6)
FN:39,(anonymous_7)
FN:43,(anonymous_8)
FN:53,(anonymous_9)
FN:55,(anonymous_10)
FN:61,(anonymous_11)
FN:62,(anonymous_12)
FN:63,(anonymous_13)
FN:64,(anonymous_14)
FN:68,(anonymous_15)
FN:72,(anonymous_16)
FN:78,(anonymous_17)
FN:82,(anonymous_18)
FN:83,(anonymous_19)
FN:86,(anonymous_20)
FN:90,(anonymous_21)
FN:91,(anonymous_22)
FN:94,(anonymous_23)
FN:97,(anonymous_24)
FN:98,(anonymous_25)
FN:101,(anonymous_26)
FN:102,(anonymous_27)
FN:105,(anonymous_28)
FN:107,(anonymous_29)
FN:108,(anonymous_30)
FN:109,(anonymous_31)
FN:116,(anonymous_32)
FN:119,(anonymous_33)
FN:124,(anonymous_34)
FN:129,(anonymous_35)
FNF:36
FNH:28
FNDA:70,(anonymous_0)
FNDA:28,(anonymous_1)
FNDA:0,(anonymous_2)
FNDA:13,(anonymous_3)
FNDA:22,(anonymous_4)
FNDA:32,(anonymous_5)
FNDA:8,(anonymous_6)
FNDA:0,(anonymous_7)
FNDA:51,(anonymous_8)
FNDA:1,(anonymous_9)
FNDA:1,(anonymous_10)
FNDA:0,(anonymous_11)
FNDA:0,(anonymous_12)
FNDA:0,(anonymous_13)
FNDA:0,(anonymous_14)
FNDA:167,(anonymous_15)
FNDA:1,(anonymous_16)
FNDA:50,(anonymous_17)
FNDA:4,(anonymous_18)
FNDA:4,(anonymous_19)
FNDA:26,(anonymous_20)
FNDA:3,(anonymous_21)
FNDA:3,(anonymous_22)
FNDA:29,(anonymous_23)
FNDA:0,(anonymous_24)
FNDA:26,(anonymous_25)
FNDA:60,(anonymous_26)
FNDA:36,(anonymous_27)
FNDA:1,(anonymous_28)
FNDA:0,(anonymous_29)
FNDA:2,(anonymous_30)
FNDA:2,(anonymous_31)
FNDA:35,(anonymous_32)
FNDA:33,(anonymous_33)
FNDA:25,(anonymous_34)
FNDA:31,(anonymous_35)
DA:4,1
DA:6,1
DA:7,70
DA:8,70
DA:9,70
DA:13,0
DA:14,28
DA:15,28
DA:16,28
DA:17,28
DA:18,28
DA:19,28
DA:20,28
DA:21,28
DA:23,28
DA:24,28
DA:25,28
DA:26,28
DA:27,28
DA:28,28
DA:29,28
DA:30,28
DA:31,28
DA:32,28
DA:33,28
DA:37,32
DA:38,32
DA:39,32
DA:40,32
DA:44,51
DA:45,51
DA:46,51
DA:47,32
DA:48,32
DA:49,32
DA:54,1
DA:55,1
DA:56,1
DA:57,1
DA:58,1
DA:59,1
DA:61,1
DA:62,1
DA:63,1
DA:64,1
DA:65,1
DA:69,167
DA:73,1
DA:74,1
DA:75,1
DA:79,50
DA:83,4
DA:87,26
DA:91,3
DA:95,29
DA:96,29
DA:97,29
DA:98,29
DA:102,60
DA:106,1
DA:107,0
DA:108,2
DA:109,1
DA:110,2
DA:111,2
DA:112,2
DA:117,35
DA:118,35
DA:119,35
DA:121,35
DA:122,35
DA:124,35
DA:125,25
DA:126,25
DA:127,25
DA:129,25
DA:130,31
DA:131,31
DA:133,31
DA:134,31
DA:136,31
DA:138,31
DA:139,4
DA:140,4
DA:141,4
DA:142,4
DA:147,35
LF:87
LH:85
BRDA:4,0,0,1
BRDA:4,0,1,0
BRDA:13,1,0,5
BRDA:13,2,0,27
BRDA:45,3,0,13
BRDA:45,3,1,38
BRDA:46,4,0,32
BRDA:46,4,1,19
BRDA:53,5,0,0
BRDA:53,6,0,1
BRDA:56,7,0,0
BRDA:56,7,1,1
BRDA:59,8,0,1
BRDA:59,8,1,0
BRDA:82,9,0,3
BRDA:94,10,0,28
BRDA:105,11,0,1
BRDA:106,12,0,0
BRDA:106,12,1,1
BRDA:116,13,0,13
BRDA:116,14,0,22
BRDA:136,15,0,6
BRDA:136,15,1,25
BRDA:136,16,0,31
BRDA:136,16,1,25
BRDA:138,17,0,4
BRDA:138,17,1,27
BRF:27
BRH:22
end_of_record
