TN:
SF:src/shallow-equal.js
FN:1,(anonymous_0)
FN:10,(anonymous_1)
FN:21,(anonymous_2)
FN:27,(anonymous_3)
FNF:4
FNH:4
FNDA:19,(anonymous_0)
FNDA:5,(anonymous_1)
FNDA:1,(anonymous_2)
FNDA:10,(anonymous_3)
DA:1,1
DA:2,19
DA:3,7
DA:4,7
DA:5,6
DA:6,5
DA:7,0
DA:10,1
DA:11,5
DA:12,5
DA:13,5
DA:14,3
DA:15,5
DA:16,5
DA:18,2
DA:21,1
DA:22,1
DA:23,2
DA:24,1
DA:27,10
LF:20
LH:19
BRDA:2,0,0,12
BRDA:2,0,1,7
BRDA:3,1,0,0
BRDA:3,1,1,7
BRDA:4,2,0,1
BRDA:4,2,1,6
BRDA:5,3,0,1
BRDA:5,3,1,5
BRDA:5,4,0,6
BRDA:5,4,1,1
BRDA:6,5,0,5
BRDA:6,5,1,0
BRDA:6,6,0,5
BRDA:6,6,1,5
BRDA:13,7,0,2
BRDA:13,7,1,3
BRDA:15,8,0,0
BRDA:15,8,1,5
BRDA:16,9,0,1
BRDA:16,9,1,4
BRDA:22,10,0,0
BRDA:22,10,1,1
BRDA:23,11,0,0
BRDA:23,11,1,2
BRF:24
BRH:19
end_of_record
TN:
SF:src/v-state.js
FN:6,(anonymous_0)
FN:13,(anonymous_1)
FN:13,(anonymous_2)
FN:19,(anonymous_3)
FN:20,(anonymous_4)
FN:36,(anonymous_5)
FN:39,(anonymous_6)
FN:39,(anonymous_7)
FN:43,(anonymous_8)
FN:53,(anonymous_9)
FN:55,(anonymous_10)
FN:61,(anonymous_11)
FN:62,(anonymous_12)
FN:63,(anonymous_13)
FN:64,(anonymous_14)
FN:68,(anonymous_15)
FN:72,(anonymous_16)
FN:78,(anonymous_17)
FN:82,(anonymous_18)
FN:83,(anonymous_19)
FN:86,(anonymous_20)
FN:90,(anonymous_21)
FN:91,(anonymous_22)
FN:94,(anonymous_23)
FN:97,(anonymous_24)
FN:98,(anonymous_25)
FN:101,(anonymous_26)
FN:102,(anonymous_27)
FN:105,(anonymous_28)
FN:107,(anonymous_29)
FN:108,(anonymous_30)
FN:109,(anonymous_31)
FN:116,(anonymous_32)
FN:119,(anonymous_33)
FN:124,(anonymous_34)
FN:129,(anonymous_35)
FNF:36
FNH:33
FNDA:92,(anonymous_0)
FNDA:33,(anonymous_1)
FNDA:0,(anonymous_2)
FNDA:16,(anonymous_3)
FNDA:52,(anonymous_4)
FNDA:63,(anonymous_5)
FNDA:38,(anonymous_6)
FNDA:0,(anonymous_7)
FNDA:95,(anonymous_8)
FNDA:5,(anonymous_9)
FNDA:27,(anonymous_10)
FNDA:2,(anonymous_11)
FNDA:1,(anonymous_12)
FNDA:1,(anonymous_13)
FNDA:1,(anonymous_14)
FNDA:294,(anonymous_15)
FNDA:2,(anonymous_16)
FNDA:76,(anonymous_17)
FNDA:5,(anonymous_18)
FNDA:4,(anonymous_19)
FNDA:45,(anonymous_20)
FNDA:3,(anonymous_21)
FNDA:3,(anonymous_22)
FNDA:41,(anonymous_23)
FNDA:0,(anonymous_24)
FNDA:32,(anonymous_25)
FNDA:97,(anonymous_26)
FNDA:72,(anonymous_27)
FNDA:7,(anonymous_28)
FNDA:9,(anonymous_29)
FNDA:4,(anonymous_30)
FNDA:13,(anonymous_31)
FNDA:46,(anonymous_32)
FNDA:44,(anonymous_33)
FNDA:31,(anonymous_34)
FNDA:44,(anonymous_35)
DA:4,1
DA:6,1
DA:7,92
DA:8,92
DA:9,92
DA:13,0
DA:14,33
DA:15,33
DA:16,33
DA:17,33
DA:18,33
DA:19,33
DA:20,52
DA:21,33
DA:23,33
DA:24,33
DA:25,33
DA:26,33
DA:27,33
DA:28,33
DA:29,33
DA:30,33
DA:31,33
DA:32,33
DA:33,33
DA:37,63
DA:38,63
DA:39,63
DA:40,63
DA:44,95
DA:45,95
DA:46,95
DA:47,63
DA:48,63
DA:49,63
DA:54,5
DA:55,5
DA:56,27
DA:57,27
DA:58,27
DA:59,27
DA:61,5
DA:62,5
DA:63,5
DA:64,5
DA:65,5
DA:69,294
DA:73,2
DA:74,2
DA:75,2
DA:79,76
DA:83,5
DA:87,45
DA:91,3
DA:95,41
DA:96,41
DA:97,41
DA:98,41
DA:102,97
DA:106,7
DA:107,9
DA:108,4
DA:109,7
DA:110,13
DA:111,13
DA:112,13
DA:117,46
DA:118,46
DA:119,46
DA:121,46
DA:122,46
DA:124,46
DA:125,31
DA:126,31
DA:127,31
DA:129,31
DA:130,44
DA:131,44
DA:133,44
DA:134,44
DA:136,44
DA:138,44
DA:139,9
DA:140,9
DA:141,9
DA:142,9
DA:147,46
LF:87
LH:86
BRDA:4,0,0,1
BRDA:4,0,1,0
BRDA:13,1,0,9
BRDA:13,2,0,31
BRDA:45,3,0,17
BRDA:45,3,1,78
BRDA:46,4,0,63
BRDA:46,4,1,32
BRDA:53,5,0,0
BRDA:53,6,0,4
BRDA:56,7,0,0
BRDA:56,7,1,27
BRDA:59,8,0,19
BRDA:59,8,1,8
BRDA:82,9,0,4
BRDA:94,10,0,40
BRDA:105,11,0,4
BRDA:106,12,0,5
BRDA:106,12,1,2
BRDA:116,13,0,15
BRDA:116,14,0,22
BRDA:136,15,0,12
BRDA:136,15,1,32
BRDA:136,16,0,44
BRDA:136,16,1,32
BRDA:138,17,0,9
BRDA:138,17,1,35
BRF:27
BRH:24
end_of_record
